Container srv1 already exists. Removing it...
srv1
Launching container srv1 on CPU core #0
f6c608ff064006b7ba0d38fb540dcee69a9a3d214a4808793ecdc830728ef365
Checking for newer image...
No new image available.
Container srv1 already exists. Removing it...
srv1
Launching container srv1 on CPU core #0
0d0392b8610415807f5a8fef4e0faa47943e0d9ca9708c9ce75f57da58a9de39
Checking for newer image...
No new image available.
Container srv1 already exists. Removing it...
srv1
Launching container srv1 on CPU core #0
500212a52e47e58fd02f38f2dc4d65631798c22064b22c05c3953d43684deb51
Checking for newer image...
No new image available.
Container srv1 already exists. Removing it...
srv1
Launching container srv1 on CPU core #0
fe008b5f1114eaf2839c5cee1291649e9ee5018b2eb3740f05f0eed36ee82208
Checking for newer image...
No new image available.
Container srv1 already exists. Removing it...
srv1
Launching container srv1 on CPU core #0
ca757d8ecd4f20e57da401dc195c4ab7ce70ca6e4b63d6cb80779e773d40c5d1
Checking for newer image...
No new image available.
Container srv1 already exists. Removing it...
srv1
Launching container srv1 on CPU core #0
363cde3f39717a40346b14a097137aafcf3b134738990931c3aed5a705f5dad4
Checking for newer image...
No new image available.
Container srv1 already exists. Removing it...
srv1
Launching container srv1 on CPU core #0
7b0bc74bb638b8c0fd83f0a15f7bbfb7ba6a216491606dfd92502ba4dd4cd640
Checking for newer image...
No new image available.
Container srv1 already exists. Removing it...
srv1
Launching container srv1 on CPU core #0
88cac9de7f45881bb175839f51bd9fbf9784c8968b04f2c63274e8b115031f4b
Checking for newer image...
No new image available.
Container srv1 already exists. Removing it...
srv1
Launching container srv1 on CPU core #0
20b9101a139dd52b7ae72234202785011c311a0a90e9d9c3b328d3a983056f28
Checking for newer image...
No new image available.
Container srv1 already exists. Removing it...
srv1
Launching container srv1 on CPU core #0
6af1718496f8af41dd9c7241e25ad670f425fd12db42e3f56f00024c37710b8b
Checking for newer image...
No new image available.
 detected. Updating containers...
Container srv1 already exists. Removing it...
srv1
Launching container srv1 on CPU core #0
1e4aeb9ea837c4288f893e17a9424d60512557de3e8d54f632b0af92f8194850
Checking for newer image...
No new image available.
Container srv1 already exists. Removing it...
srv1
Launching container srv1 on CPU core #0
62b81aa944fc4f810e9dab758b5d9ed2bd56e6bb952d05cde1817d1154cb61a9
Checking for newer image...
No new image available.
